<?xml version="1.0" encoding="UTF-8"?>
<testng-results skipped="0" failed="0" ignored="0" total="2" passed="2">
  <reporter-output>
  </reporter-output>
  <suite name="Default Suite" duration-ms="3309" started-at="2022-10-10T17:06:27 ICT" finished-at="2022-10-10T17:06:30 ICT">
    <groups>
    </groups>
    <test name="RESTAssuredProject" duration-ms="3309" started-at="2022-10-10T17:06:27 ICT" finished-at="2022-10-10T17:06:30 ICT">
      <class name="APITests">
        <test-method status="PASS" signature="test1()[pri:0, instance:APITests@573f2bb1]" name="test1" duration-ms="3042" started-at="2022-10-10T17:06:27 ICT" finished-at="2022-10-10T17:06:30 ICT">
          <reporter-output>
          </reporter-output>
        </test-method> <!-- test1 -->
        <test-method status="PASS" signature="test2()[pri:0, instance:APITests@573f2bb1]" name="test2" duration-ms="201" started-at="2022-10-10T17:06:30 ICT" finished-at="2022-10-10T17:06:30 ICT">
          <reporter-output>
          </reporter-output>
        </test-method> <!-- test2 -->
      </class> <!-- APITests -->
    </test> <!-- RESTAssuredProject -->
  </suite> <!-- Default Suite -->
</testng-results>
